<?xml version="1.0" encoding="UTF-8"?>
<!-- Generated by org.testng.reporters.JUnitReportReporter -->
<testsuite hostname="LAPTOP-0HHCJ26C" failures="0" tests="1" name="TestCases.SignUpTestCase" time="19.698" errors="0" timestamp="2022-12-15T19:14:41 IST" skipped="0">
  <testcase classname="TestCases.SignUpTestCase" name="verifysignup" time="19.698"/>
  <system-out/>
</testsuite> <!-- TestCases.SignUpTestCase -->
