<?xml version="1.0" encoding="UTF-8"?>
<!-- Generated by org.testng.reporters.JUnitReportReporter -->
<testsuite hostname="LAPTOP-0HHCJ26C" failures="0" tests="1" name="TestCases.test1" time="4.354" errors="0" timestamp="2022-12-06T18:27:10 IST" skipped="0">
  <testcase classname="TestCases.test1" name="Method1" time="4.354"/>
  <system-out/>
</testsuite> <!-- TestCases.test1 -->
