<?xml version="1.0" encoding="UTF-8"?>
<!-- Generated by org.testng.reporters.JUnitReportReporter -->
<testsuite hostname="LAPTOP-0HHCJ26C" failures="0" tests="1" name="TestCases.SingUpTestCase" time="5.644" errors="0" timestamp="2022-12-14T14:29:53 IST" skipped="0">
  <testcase classname="TestCases.SingUpTestCase" name="verifysignup" time="5.644"/>
  <system-out/>
</testsuite> <!-- TestCases.SingUpTestCase -->
